<?xml version="1.0" encoding="UTF-8"?>
<!-- Generated by org.testng.reporters.JUnitXMLReporter -->
<testsuite hostname="DESKTOP-3KA80RE" ignored="0" name="Different testing Features test" tests="23" failures="1" timestamp="2019-09-07T13:56:16 IST" time="99.811" errors="0">
  <testcase name="test" time="0.004" classname="testng.ExceptionTimeouttest"/>
  <testcase name="googleTitleTest" time="0.011" classname="testng.GoogleTest"/>
  <testcase name="test1" time="0.0" classname="testng.GoogleTest"/>
  <testcase name="test2" time="0.001" classname="testng.GoogleTest"/>
  <testcase name="test3" time="0.0" classname="testng.GoogleTest"/>
  <testcase name="mailLinkTest" time="30.092" classname="testng.GoogleTest">
    <failure type="org.openqa.selenium.NoSuchElementException" message="no such element: Unable to locate element: {&amp;quot;method&amp;quot;:&amp;quot;link text&amp;quot;,&amp;quot;selector&amp;quot;:&amp;quot;mail&amp;quot;}
  (Session info: chrome=76.0.3809.132)
For documentation on this error, please visit: http://seleniumhq.org/exceptions/no_such_element.html
Build info: version: &amp;apos;3.14.0&amp;apos;, revision: &amp;apos;aacccce0&amp;apos;, time: &amp;apos;2018-08-02T20:13:22.693Z&amp;apos;
System info: host: &amp;apos;DESKTOP-3KA80RE&amp;apos;, ip: &amp;apos;192.168.225.133&amp;apos;, os.name: &amp;apos;Windows 10&amp;apos;, os.arch: &amp;apos;amd64&amp;apos;, os.version: &amp;apos;10.0&amp;apos;, java.version: &amp;apos;1.8.0_201&amp;apos;
Driver info: org.openqa.selenium.chrome.ChromeDriver
Capabilities {acceptInsecureCerts: false, browserName: chrome, browserVersion: 76.0.3809.132, chrome: {chromedriverVersion: 75.0.3770.140 (2d9f97485c7b..., userDataDir: C:\Users\SHILPA~1\AppData\L...}, goog:chromeOptions: {debuggerAddress: localhost:57282}, javascriptEnabled: true, networkConnectionEnabled: false, pageLoadStrategy: normal, platform: XP, platformName: XP, proxy: Proxy(), setWindowRect: true, strictFileInteractability: false, timeouts: {implicit: 0, pageLoad: 300000, script: 30000}, unhandledPromptBehavior: dismiss and notify}
Session ID: 03a3c78977a355640a054b26d3d93276
*** Element info: {Using=link text, value=mail}">
      <![CDATA[org.openqa.selenium.NoSuchElementException: no such element: Unable to locate element: {"method":"link text","selector":"mail"}
  (Session info: chrome=76.0.3809.132)
For documentation on this error, please visit: http://seleniumhq.org/exceptions/no_such_element.html
Build info: version: '3.14.0', revision: 'aacccce0', time: '2018-08-02T20:13:22.693Z'
System info: host: 'DESKTOP-3KA80RE', ip: '192.168.225.133', os.name: 'Windows 10', os.arch: 'amd64', os.version: '10.0', java.version: '1.8.0_201'
Driver info: org.openqa.selenium.chrome.ChromeDriver
Capabilities {acceptInsecureCerts: false, browserName: chrome, browserVersion: 76.0.3809.132, chrome: {chromedriverVersion: 75.0.3770.140 (2d9f97485c7b..., userDataDir: C:\Users\SHILPA~1\AppData\L...}, goog:chromeOptions: {debuggerAddress: localhost:57282}, javascriptEnabled: true, networkConnectionEnabled: false, pageLoadStrategy: normal, platform: XP, platformName: XP, proxy: Proxy(), setWindowRect: true, strictFileInteractability: false, timeouts: {implicit: 0, pageLoad: 300000, script: 30000}, unhandledPromptBehavior: dismiss and notify}
Session ID: 03a3c78977a355640a054b26d3d93276
*** Element info: {Using=link text, value=mail}
at org.openqa.selenium.remote.http.W3CHttpResponseCodec.createException(W3CHttpResponseCodec.java:187)
at org.openqa.selenium.remote.http.W3CHttpResponseCodec.decode(W3CHttpResponseCodec.java:122)
at org.openqa.selenium.remote.http.W3CHttpResponseCodec.decode(W3CHttpResponseCodec.java:49)
at org.openqa.selenium.remote.HttpCommandExecutor.execute(HttpCommandExecutor.java:158)
at org.openqa.selenium.remote.service.DriverCommandExecutor.execute(DriverCommandExecutor.java:83)
at org.openqa.selenium.remote.RemoteWebDriver.execute(RemoteWebDriver.java:548)
at org.openqa.selenium.remote.RemoteWebDriver.findElement(RemoteWebDriver.java:322)
at org.openqa.selenium.remote.RemoteWebDriver.findElementByLinkText(RemoteWebDriver.java:376)
at org.openqa.selenium.By$ByLinkText.findElement(By.java:220)
at org.openqa.selenium.remote.RemoteWebDriver.findElement(RemoteWebDriver.java:314)
at testng.GoogleTest.mailLinkTest(GoogleTest.java:37)
at java.util.ArrayList.forEach(Unknown Source)
... Removed 31 stack frames]]>
    </failure>
  </testcase> <!-- mailLinkTest -->
  <testcase name="googleTitleTest" time="0.013" classname="testng.GoogleTitleTest"/>
  <testcase name="mailLinkTest" time="0.096" classname="testng.GoogleTitleTest"/>
  <testcase name="invocTest" time="0.002" classname="testng.invocationcountTest"/>
  <testcase name="invocTest" time="0.002" classname="testng.invocationcountTest"/>
  <testcase name="invocTest" time="0.003" classname="testng.invocationcountTest"/>
  <testcase name="invocTest" time="0.002" classname="testng.invocationcountTest"/>
  <testcase name="invocTest" time="0.002" classname="testng.invocationcountTest"/>
  <testcase name="invocTest" time="0.001" classname="testng.invocationcountTest"/>
  <testcase name="invocTest" time="0.001" classname="testng.invocationcountTest"/>
  <testcase name="invocTest" time="0.002" classname="testng.invocationcountTest"/>
  <testcase name="invocTest" time="0.002" classname="testng.invocationcountTest"/>
  <testcase name="invocTest" time="0.0" classname="testng.invocationcountTest"/>
  <testcase name="googletitleTest" time="0.001" classname="testng.Testngbasic"/>
  <testcase name="loginPage" time="0.001" classname="testng.TestNGFeatures"/>
  <testcase name="homePage" time="0.002" classname="testng.TestNGFeatures"/>
  <testcase name="regPage" time="0.002" classname="testng.TestNGFeatures"/>
  <testcase name="searchPage" time="0.002" classname="testng.TestNGFeatures"/>
</testsuite> <!-- Different testing Features test -->
